<?xml version="1.0" encoding="UTF-8"?>
<!-- Generated by org.testng.reporters.JUnitXMLReporter -->
<testsuite hostname="MengfeifeideMac-Mini.local" name="AiXuePaiForIOS" tests="1" failures="1" timestamp="12 May 2017 09:37:44 GMT" time="149.616" errors="0">
  <testcase name="loginFaildTest" time="89.632" classname="iosTest.LoginTest1">
    <failure type="java.lang.AssertionError" message="Actual value is :请选择上课班级 did not match with expected value: 请选择上课班级1">
      <![CDATA[java.lang.AssertionError: Actual value is :请选择上课班级 did not match with expected value: 请选择上课班级1
	at iosTest.LoginTest1.loginFaildTest(LoginTest1.java:79)
	at com.intellij.rt.execution.application.AppMain.main(AppMain.java:147)
... Removed 27 stack frames]]>
    </failure>
  </testcase> <!-- loginFaildTest -->
</testsuite> <!-- AiXuePaiForIOS -->
