<?xml version="1.0" encoding="UTF-8"?>
<!-- Generated by org.testng.reporters.JUnitXMLReporter -->
<testsuite hostname="MengfeifeideMac-Mini.local" name="Test" tests="5" failures="0" timestamp="24 Jul 2017 08:36:56 GMT" time="664.627" errors="0">
  <testcase name="loginSucessTest" time="43.603" classname="iosTest.LoginTest"/>
  <testcase name="pushClassTest" time="105.483" classname="iosTest.PushClassTest"/>
  <testcase name="selectClassSucessTest" time="51.568" classname="iosTest.SelectClassTest"/>
  <testcase name="pushClassTest" time="151.691" classname="iosTest.FinshPushClassTest"/>
  <testcase name="pushClassTest" time="85.817" classname="iosTest.PushPaperTest"/>
</testsuite> <!-- Test -->
