<?xml version="1.0" encoding="UTF-8"?>
<!-- Generated by org.testng.reporters.JUnitXMLReporter -->
<testsuite hostname="localhost" name="Test" tests="1" failures="1" timestamp="25 May 2017 09:17:22 GMT" time="159.045" errors="0">
  <testcase name="loginFaildTest" time="98.536" classname="iosTest.LoginTest1">
    <failure type="java.lang.AssertionError" message="expected [请选择上课班级] but found [请选择上课班级1]">
      <![CDATA[java.lang.AssertionError: expected [请选择上课班级] but found [请选择上课班级1]
	at iosTest.LoginTest1.loginFaildTest(LoginTest1.java:80)
	at com.intellij.rt.execution.application.AppMain.main(AppMain.java:147)
... Removed 32 stack frames]]>
    </failure>
  </testcase> <!-- loginFaildTest -->
</testsuite> <!-- Test -->
