<?xml version="1.0" encoding="UTF-8"?>
<!-- Generated by org.testng.reporters.JUnitXMLReporter -->
<testsuite hostname="MengfeifeideMac-Mini.local" name="Test" tests="2" failures="1" timestamp="4 Jul 2017 08:52:57 GMT" time="172.939" errors="0">
  <testcase name="loginSucessTest" time="48.805" classname="iosTest.LoginTest"/>
  <testcase name="pushClassTest" time="51.63" classname="iosTest.PushClassTest">
    <failure type="java.lang.IndexOutOfBoundsException" message="Index: 1, Size: 1">
      <![CDATA[java.lang.IndexOutOfBoundsException: Index: 1, Size: 1
	at java.util.ArrayList.rangeCheck(ArrayList.java:653)
	at java.util.ArrayList.get(ArrayList.java:429)
	at page.teacherpage.NavigationPage.nav(NavigationPage.java:33)
	at method.PushClass.pushClassOne(PushClass.java:21)
	at iosTest.PushClassTest.pushClassTest(PushClassTest.java:64)
	at com.intellij.rt.execution.application.AppMain.main(AppMain.java:147)
... Removed 27 stack frames]]>
    </failure>
  </testcase> <!-- pushClassTest -->
</testsuite> <!-- Test -->
