<?xml version="1.0" encoding="UTF-8"?>
<!-- Generated by org.testng.reporters.JUnitXMLReporter -->
<testsuite hostname="MengfeifeideMac-Mini.local" name="Test" tests="4" failures="1" timestamp="4 Jul 2017 10:16:41 GMT" time="475.034" errors="0">
  <testcase name="loginSucessTest" time="45.27" classname="iosTest.LoginTest"/>
  <testcase name="pushClassTest" time="107.457" classname="iosTest.PushClassTest"/>
  <testcase name="selectClassSucessTest" time="52.66" classname="iosTest.SelectClassTest">
    <failure type="java.lang.ClassCastException" message="java.lang.Boolean cannot be cast to java.lang.String">
      <![CDATA[java.lang.ClassCastException: java.lang.Boolean cannot be cast to java.lang.String
	at org.openqa.selenium.remote.RemoteWebElement.getText(RemoteWebElement.java:157)
	at iosTest.SelectClassTest.selectClassSucessTest(SelectClassTest.java:63)
	at com.intellij.rt.execution.application.AppMain.main(AppMain.java:147)
... Removed 27 stack frames]]>
    </failure>
  </testcase> <!-- selectClassSucessTest -->
  <testcase name="pushClassTest" time="142.666" classname="iosTest.FinshPushClassTest"/>
</testsuite> <!-- Test -->
