<?xml version="1.0" encoding="UTF-8"?>
<!-- Generated by org.testng.reporters.JUnitXMLReporter -->
<testsuite hostname="MengfeifeideMac-Mini.local" name="Test" tests="5" failures="0" timestamp="24 Jul 2017 08:01:20 GMT" time="628.55" errors="0">
  <testcase name="loginSucessTest" time="41.59" classname="iosTest.LoginTest"/>
  <testcase name="pushClassTest" time="109.67" classname="iosTest.PushClassTest"/>
  <testcase name="selectClassSucessTest" time="54.135" classname="iosTest.SelectClassTest"/>
  <testcase name="pushClassTest" time="130.801" classname="iosTest.FinshPushClassTest"/>
  <testcase name="pushClassTest" time="109.937" classname="iosTest.PushPaperTest"/>
</testsuite> <!-- Test -->
