<?xml version="1.0" encoding="UTF-8"?>
<testng-results skipped="0" failed="0" total="5" passed="5">
  <reporter-output>
    <line>
      <![CDATA[Reporter:2017-07-24 16:27:12===>This is log message.]]>
    </line>
    <line>
      <![CDATA[Reporter:2017-07-24 16:28:35===>This is pushClassTest log]]>
    </line>
    <line>
      <![CDATA[Reporter:2017-07-24 16:32:25===>This is finishPushClassTest log]]>
    </line>
    <line>
      <![CDATA[Reporter:2017-07-24 16:35:29===>This is pushPaperTest log]]>
    </line>
  </reporter-output>
  <suite name="TestForNewAppium" duration-ms="664627" started-at="2017-07-24T08:25:51Z" finished-at="2017-07-24T08:36:56Z">
    <groups>
    </groups>
    <test name="Test" duration-ms="664627" started-at="2017-07-24T08:25:51Z" finished-at="2017-07-24T08:36:56Z">
      <class name="iosTest.LoginTest">
        <test-method status="PASS" signature="setUp()[pri:0, instance:iosTest.LoginTest@13deb50e]" name="setUp" is-config="true" duration-ms="81232" started-at="2017-07-24T16:25:51Z" finished-at="2017-07-24T16:27:12Z">
          <reporter-output>
          </reporter-output>
        </test-method> <!-- setUp -->
        <test-method status="PASS" signature="loginSucessTest(java.lang.String, java.lang.String, java.lang.String)[pri:0, instance:iosTest.LoginTest@13deb50e]" name="loginSucessTest" duration-ms="43603" started-at="2017-07-24T16:27:12Z" description="登陆成功" data-provider="LoginSucess" finished-at="2017-07-24T16:27:56Z">
          <params>
            <param index="0">
              <value>
                <![CDATA[爱学派FF]]>
              </value>
            </param>
            <param index="1">
              <value>
                <![CDATA[1111]]>
              </value>
            </param>
            <param index="2">
              <value>
                <![CDATA[10.1]]>
              </value>
            </param>
          </params>
          <reporter-output>
            <line>
              <![CDATA[Reporter:2017-07-24 16:27:12===>This is log message.]]>
            </line>
          </reporter-output>
        </test-method> <!-- loginSucessTest -->
        <test-method status="PASS" signature="tearDown()[pri:0, instance:iosTest.LoginTest@13deb50e]" name="tearDown" is-config="true" duration-ms="416" started-at="2017-07-24T16:27:56Z" finished-at="2017-07-24T16:27:56Z">
          <reporter-output>
          </reporter-output>
        </test-method> <!-- tearDown -->
      </class> <!-- iosTest.LoginTest -->
      <class name="iosTest.SelectClassTest">
        <test-method status="PASS" signature="setUp()[pri:0, instance:iosTest.SelectClassTest@3abbfa04]" name="setUp" is-config="true" duration-ms="37217" started-at="2017-07-24T16:30:21Z" finished-at="2017-07-24T16:30:59Z">
          <reporter-output>
          </reporter-output>
        </test-method> <!-- setUp -->
        <test-method status="PASS" signature="selectClassSucessTest(java.lang.String, java.lang.String, java.lang.String)[pri:0, instance:iosTest.SelectClassTest@3abbfa04]" name="selectClassSucessTest" duration-ms="51568" started-at="2017-07-24T16:30:59Z" description="登陆成功" data-provider="LoginSucess" finished-at="2017-07-24T16:31:50Z">
          <params>
            <param index="0">
              <value>
                <![CDATA[爱学派FF]]>
              </value>
            </param>
            <param index="1">
              <value>
                <![CDATA[1111]]>
              </value>
            </param>
            <param index="2">
              <value>
                <![CDATA[10.1]]>
              </value>
            </param>
          </params>
          <reporter-output>
          </reporter-output>
        </test-method> <!-- selectClassSucessTest -->
        <test-method status="PASS" signature="tearDown()[pri:0, instance:iosTest.SelectClassTest@3abbfa04]" name="tearDown" is-config="true" duration-ms="387" started-at="2017-07-24T16:31:50Z" finished-at="2017-07-24T16:31:51Z">
          <reporter-output>
          </reporter-output>
        </test-method> <!-- tearDown -->
      </class> <!-- iosTest.SelectClassTest -->
      <class name="iosTest.PushClassTest">
        <test-method status="PASS" signature="setUp()[pri:0, instance:iosTest.PushClassTest@239963d8]" name="setUp" is-config="true" duration-ms="39062" started-at="2017-07-24T16:27:56Z" finished-at="2017-07-24T16:28:35Z">
          <reporter-output>
          </reporter-output>
        </test-method> <!-- setUp -->
        <test-method status="PASS" signature="pushClassTest(java.lang.String, java.lang.String, java.lang.String)[pri:0, instance:iosTest.PushClassTest@239963d8]" name="pushClassTest" duration-ms="105483" started-at="2017-07-24T16:28:35Z" description="登陆成功" data-provider="LoginSucess" finished-at="2017-07-24T16:30:21Z">
          <params>
            <param index="0">
              <value>
                <![CDATA[爱学派FF]]>
              </value>
            </param>
            <param index="1">
              <value>
                <![CDATA[1111]]>
              </value>
            </param>
            <param index="2">
              <value>
                <![CDATA[10.1]]>
              </value>
            </param>
          </params>
          <reporter-output>
            <line>
              <![CDATA[Reporter:2017-07-24 16:28:35===>This is pushClassTest log]]>
            </line>
          </reporter-output>
        </test-method> <!-- pushClassTest -->
        <test-method status="PASS" signature="tearDown()[pri:0, instance:iosTest.PushClassTest@239963d8]" name="tearDown" is-config="true" duration-ms="519" started-at="2017-07-24T16:30:21Z" finished-at="2017-07-24T16:30:21Z">
          <reporter-output>
          </reporter-output>
        </test-method> <!-- tearDown -->
      </class> <!-- iosTest.PushClassTest -->
      <class name="iosTest.PushPaperTest">
        <test-method status="PASS" signature="setUp()[pri:0, instance:iosTest.PushPaperTest@31ef45e3]" name="setUp" is-config="true" duration-ms="31599" started-at="2017-07-24T16:34:58Z" finished-at="2017-07-24T16:35:29Z">
          <reporter-output>
          </reporter-output>
        </test-method> <!-- setUp -->
        <test-method status="PASS" signature="pushClassTest(java.lang.String, java.lang.String, java.lang.String)[pri:0, instance:iosTest.PushPaperTest@31ef45e3]" name="pushClassTest" duration-ms="85817" started-at="2017-07-24T16:35:29Z" description="登陆成功" data-provider="LoginSucess" finished-at="2017-07-24T16:36:55Z">
          <params>
            <param index="0">
              <value>
                <![CDATA[爱学派FF]]>
              </value>
            </param>
            <param index="1">
              <value>
                <![CDATA[1111]]>
              </value>
            </param>
            <param index="2">
              <value>
                <![CDATA[10.1]]>
              </value>
            </param>
          </params>
          <reporter-output>
            <line>
              <![CDATA[Reporter:2017-07-24 16:35:29===>This is pushPaperTest log]]>
            </line>
          </reporter-output>
        </test-method> <!-- pushClassTest -->
        <test-method status="PASS" signature="tearDown()[pri:0, instance:iosTest.PushPaperTest@31ef45e3]" name="tearDown" is-config="true" duration-ms="377" started-at="2017-07-24T16:36:55Z" finished-at="2017-07-24T16:36:56Z">
          <reporter-output>
          </reporter-output>
        </test-method> <!-- tearDown -->
      </class> <!-- iosTest.PushPaperTest -->
      <class name="iosTest.FinshPushClassTest">
        <test-method status="PASS" signature="setUp()[pri:0, instance:iosTest.FinshPushClassTest@57fffcd7]" name="setUp" is-config="true" duration-ms="34901" started-at="2017-07-24T16:31:51Z" finished-at="2017-07-24T16:32:25Z">
          <reporter-output>
          </reporter-output>
        </test-method> <!-- setUp -->
        <test-method status="PASS" signature="pushClassTest(java.lang.String, java.lang.String, java.lang.String)[pri:0, instance:iosTest.FinshPushClassTest@57fffcd7]" name="pushClassTest" duration-ms="151691" started-at="2017-07-24T16:32:25Z" description="登陆成功" data-provider="LoginSucess" finished-at="2017-07-24T16:34:57Z">
          <params>
            <param index="0">
              <value>
                <![CDATA[爱学派FF]]>
              </value>
            </param>
            <param index="1">
              <value>
                <![CDATA[1111]]>
              </value>
            </param>
            <param index="2">
              <value>
                <![CDATA[10.1]]>
              </value>
            </param>
          </params>
          <reporter-output>
            <line>
              <![CDATA[Reporter:2017-07-24 16:32:25===>This is finishPushClassTest log]]>
            </line>
          </reporter-output>
        </test-method> <!-- pushClassTest -->
        <test-method status="PASS" signature="tearDown()[pri:0, instance:iosTest.FinshPushClassTest@57fffcd7]" name="tearDown" is-config="true" duration-ms="669" started-at="2017-07-24T16:34:57Z" finished-at="2017-07-24T16:34:58Z">
          <reporter-output>
          </reporter-output>
        </test-method> <!-- tearDown -->
      </class> <!-- iosTest.FinshPushClassTest -->
    </test> <!-- Test -->
  </suite> <!-- TestForNewAppium -->
</testng-results>
