<?xml version="1.0" encoding="UTF-8" ?>
<testsuite tests="5" failures="0" name="TestSuite" time="665.8" errors="0" skipped="0">
  <properties>
[...]
</properties>
  <testcase classname="iosTest.LoginTest" name="loginSucessTest" time="43.603"/>
  <testcase classname="iosTest.PushClassTest" name="pushClassTest" time="105.483"/>
  <testcase classname="iosTest.SelectClassTest" name="selectClassSucessTest" time="51.569"/>
  <testcase classname="iosTest.FinshPushClassTest" name="pushClassTest" time="151.691"/>
  <testcase classname="iosTest.PushPaperTest" name="pushClassTest" time="85.817"/>
</testsuite>