<!DOCTYPE html PUBLIC "-//W3C//DTD XHTML 1.1//EN" "http://www.w3.org/TR/xhtml11/DTD/xhtml11.dtd">
<html xmlns="http://www.w3.org/1999/xhtml"><head><title>TestNG Report</title><style type="text/css">table {margin-bottom:10px;border-collapse:collapse;empty-cells:show}th,td {border:1px solid #009;padding:.25em .5em}th {vertical-align:bottom}td {vertical-align:top}table a {font-weight:bold}.stripe td {background-color: #E6EBF9}.num {text-align:right}.passedodd td {background-color: #3F3}.passedeven td {background-color: #0A0}.skippedodd td {background-color: #DDD}.skippedeven td {background-color: #CCC}.failedodd td,.attn {background-color: #F33}.failedeven td,.stripe .attn {background-color: #D00}.stacktrace {white-space:pre;font-family:monospace}.totop {font-size:85%;text-align:center;border-bottom:2px solid #000}</style></head><body><table><tr><th>Test</th><th># Passed</th><th># Skipped</th><th># Failed</th><th>Time (ms)</th><th>Included Groups</th><th>Excluded Groups</th></tr><tr><th colspan="7">Default Suite</th></tr><tr><td><a href="#t0">AiXuePaiForIOS</a></td><td class="num">2</td><td class="num">0</td><td class="num attn">2</td><td class="num">54</td><td></td><td></td></tr></table><table><thead><tr><th>Class</th><th>Method</th><th>Start</th><th>Time (ms)</th></tr></thead><tbody><tr><th colspan="4">Default Suite</th></tr></tbody><tbody id="t0"><tr><th colspan="4">AiXuePaiForIOS &#8212; failed</th></tr><tr class="failedeven"><td rowspan="2">util.Test15</td><td><a href="#m0">testAssert1</a></td><td rowspan="2">1494996669317</td><td rowspan="2">1</td></tr><tr class="failedeven"><td><a href="#m1">testAssert1</a></td></tr><tr><th colspan="4">AiXuePaiForIOS &#8212; passed</th></tr><tr class="passedeven"><td rowspan="2">util.Test15</td><td><a href="#m2">testAssert1</a></td><td rowspan="1">1494996669304</td><td rowspan="1">11</td></tr><tr class="passedeven"><td><a href="#m3">testAssert2</a></td><td rowspan="1">1494996669331</td><td rowspan="1">0</td></tr></tbody></table><h2>AiXuePaiForIOS</h2><h3 id="m0">util.Test15#testAssert1</h3><table class="result"><tr class="param"><th>Parameter #1</th></tr><tr class="param stripe"><td>2</td></tr><tr><th>Exception</th></tr><tr><td><div class="stacktrace">java.lang.AssertionError: expected [2] but found [1]
	at util.Test15.testAssert1(Test15.java:21)
	at com.intellij.rt.execution.application.AppMain.main(AppMain.java:147)
... Removed 32 stack frames</div></td></tr></table><p class="totop"><a href="#summary">back to summary</a></p><h3 id="m1">util.Test15#testAssert1</h3><table class="result"><tr class="param"><th>Parameter #1</th></tr><tr class="param stripe"><td>3</td></tr><tr><th>Exception</th></tr><tr><td><div class="stacktrace">java.lang.AssertionError: expected [3] but found [1]
	at util.Test15.testAssert1(Test15.java:21)
	at com.intellij.rt.execution.application.AppMain.main(AppMain.java:147)
... Removed 32 stack frames</div></td></tr></table><p class="totop"><a href="#summary">back to summary</a></p><h3 id="m2">util.Test15#testAssert1</h3><table class="result"><tr class="param"><th>Parameter #1</th></tr><tr class="param stripe"><td>1</td></tr></table><p class="totop"><a href="#summary">back to summary</a></p><h3 id="m3">util.Test15#testAssert2</h3><table class="result"></table><p class="totop"><a href="#summary">back to summary</a></p></body></html>