<?xml version="1.0" encoding="UTF-8"?>
<testng-results skipped="0" failed="1" total="4" passed="3">
  <reporter-output>
    <line>
      <![CDATA[Reporter:2017-07-04 18:09:28===>This is log message.]]>
    </line>
    <line>
      <![CDATA[Reporter:2017-07-04 18:10:41===>This is pushClassTest log]]>
    </line>
    <line>
      <![CDATA[Reporter:2017-07-04 18:14:17===>This is finishPushClassTest log]]>
    </line>
  </reporter-output>
  <suite name="TestForNewAppium" duration-ms="475034" started-at="2017-07-04T10:08:45Z" finished-at="2017-07-04T10:16:40Z">
    <groups>
    </groups>
    <test name="Test" duration-ms="475034" started-at="2017-07-04T10:08:45Z" finished-at="2017-07-04T10:16:40Z">
      <class name="iosTest.LoginTest">
        <test-method status="PASS" signature="setUp()[pri:0, instance:iosTest.LoginTest@2d8f65a4]" name="setUp" is-config="true" duration-ms="42245" started-at="2017-07-04T18:08:45Z" finished-at="2017-07-04T18:09:28Z">
          <reporter-output>
          </reporter-output>
        </test-method> <!-- setUp -->
        <test-method status="PASS" signature="loginSucessTest(java.lang.String, java.lang.String, java.lang.String)[pri:0, instance:iosTest.LoginTest@2d8f65a4]" name="loginSucessTest" duration-ms="45270" started-at="2017-07-04T18:09:28Z" description="登陆成功" data-provider="LoginSucess" finished-at="2017-07-04T18:10:13Z">
          <params>
            <param index="0">
              <value>
                <![CDATA[爱学派FF]]>
              </value>
            </param>
            <param index="1">
              <value>
                <![CDATA[1111]]>
              </value>
            </param>
            <param index="2">
              <value>
                <![CDATA[10.1]]>
              </value>
            </param>
          </params>
          <reporter-output>
            <line>
              <![CDATA[Reporter:2017-07-04 18:09:28===>This is log message.]]>
            </line>
          </reporter-output>
        </test-method> <!-- loginSucessTest -->
        <test-method status="PASS" signature="tearDown()[pri:0, instance:iosTest.LoginTest@2d8f65a4]" name="tearDown" is-config="true" duration-ms="445" started-at="2017-07-04T18:10:13Z" finished-at="2017-07-04T18:10:13Z">
          <reporter-output>
          </reporter-output>
        </test-method> <!-- tearDown -->
      </class> <!-- iosTest.LoginTest -->
      <class name="iosTest.SelectClassTest">
        <test-method status="PASS" signature="setUp()[pri:0, instance:iosTest.SelectClassTest@646d64ab]" name="setUp" is-config="true" duration-ms="27393" started-at="2017-07-04T18:12:29Z" finished-at="2017-07-04T18:12:56Z">
          <reporter-output>
          </reporter-output>
        </test-method> <!-- setUp -->
        <test-method status="FAIL" signature="selectClassSucessTest(java.lang.String, java.lang.String, java.lang.String)[pri:0, instance:iosTest.SelectClassTest@646d64ab]" name="selectClassSucessTest" duration-ms="52660" started-at="2017-07-04T18:12:56Z" description="登陆成功" data-provider="LoginSucess" finished-at="2017-07-04T18:13:49Z">
          <params>
            <param index="0">
              <value>
                <![CDATA[爱学派FF]]>
              </value>
            </param>
            <param index="1">
              <value>
                <![CDATA[1111]]>
              </value>
            </param>
            <param index="2">
              <value>
                <![CDATA[10.1]]>
              </value>
            </param>
          </params>
          <exception class="java.lang.ClassCastException">
            <message>
              <![CDATA[java.lang.Boolean cannot be cast to java.lang.String]]>
            </message>
            <full-stacktrace>
              <![CDATA[java.lang.ClassCastException: java.lang.Boolean cannot be cast to java.lang.String
	at org.openqa.selenium.remote.RemoteWebElement.getText(RemoteWebElement.java:157)
	at iosTest.SelectClassTest.selectClassSucessTest(SelectClassTest.java:63)
	at sun.reflect.NativeMethodAccessorImpl.invoke0(Native Method)
	at sun.reflect.NativeMethodAccessorImpl.invoke(NativeMethodAccessorImpl.java:62)
	at sun.reflect.DelegatingMethodAccessorImpl.invoke(DelegatingMethodAccessorImpl.java:43)
	at java.lang.reflect.Method.invoke(Method.java:498)
	at org.testng.internal.MethodInvocationHelper.invokeMethod(MethodInvocationHelper.java:85)
	at org.testng.internal.Invoker.invokeMethod(Invoker.java:639)
	at org.testng.internal.Invoker.invokeTestMethod(Invoker.java:816)
	at org.testng.internal.Invoker.invokeTestMethods(Invoker.java:1124)
	at org.testng.internal.TestMethodWorker.invokeTestMethods(TestMethodWorker.java:125)
	at org.testng.internal.TestMethodWorker.run(TestMethodWorker.java:108)
	at org.testng.TestRunner.privateRun(TestRunner.java:774)
	at org.testng.TestRunner.run(TestRunner.java:624)
	at org.testng.SuiteRunner.runTest(SuiteRunner.java:359)
	at org.testng.SuiteRunner.runSequentially(SuiteRunner.java:354)
	at org.testng.SuiteRunner.privateRun(SuiteRunner.java:312)
	at org.testng.SuiteRunner.run(SuiteRunner.java:261)
	at org.testng.SuiteRunnerWorker.runSuite(SuiteRunnerWorker.java:52)
	at org.testng.SuiteRunnerWorker.run(SuiteRunnerWorker.java:86)
	at org.testng.TestNG.runSuitesSequentially(TestNG.java:1215)
	at org.testng.TestNG.runSuitesLocally(TestNG.java:1140)
	at org.testng.TestNG.run(TestNG.java:1048)
	at org.testng.IDEARemoteTestNG.run(IDEARemoteTestNG.java:72)
	at org.testng.RemoteTestNGStarter.main(RemoteTestNGStarter.java:127)
	at sun.reflect.NativeMethodAccessorImpl.invoke0(Native Method)
	at sun.reflect.NativeMethodAccessorImpl.invoke(NativeMethodAccessorImpl.java:62)
	at sun.reflect.DelegatingMethodAccessorImpl.invoke(DelegatingMethodAccessorImpl.java:43)
	at java.lang.reflect.Method.invoke(Method.java:498)
	at com.intellij.rt.execution.application.AppMain.main(AppMain.java:147)
]]>
            </full-stacktrace>
          </exception> <!-- java.lang.ClassCastException -->
          <reporter-output>
          </reporter-output>
        </test-method> <!-- selectClassSucessTest -->
        <test-method status="PASS" signature="tearDown()[pri:0, instance:iosTest.SelectClassTest@646d64ab]" name="tearDown" is-config="true" duration-ms="541" started-at="2017-07-04T18:13:49Z" finished-at="2017-07-04T18:13:50Z">
          <reporter-output>
          </reporter-output>
        </test-method> <!-- tearDown -->
      </class> <!-- iosTest.SelectClassTest -->
      <class name="iosTest.PushClassTest">
        <test-method status="PASS" signature="setUp()[pri:0, instance:iosTest.PushClassTest@1b68ddbd]" name="setUp" is-config="true" duration-ms="27676" started-at="2017-07-04T18:10:13Z" finished-at="2017-07-04T18:10:41Z">
          <reporter-output>
          </reporter-output>
        </test-method> <!-- setUp -->
        <test-method status="PASS" signature="pushClassTest(java.lang.String, java.lang.String, java.lang.String)[pri:0, instance:iosTest.PushClassTest@1b68ddbd]" name="pushClassTest" duration-ms="107457" started-at="2017-07-04T18:10:41Z" description="登陆成功" data-provider="LoginSucess" finished-at="2017-07-04T18:12:28Z">
          <params>
            <param index="0">
              <value>
                <![CDATA[爱学派FF]]>
              </value>
            </param>
            <param index="1">
              <value>
                <![CDATA[1111]]>
              </value>
            </param>
            <param index="2">
              <value>
                <![CDATA[10.1]]>
              </value>
            </param>
          </params>
          <reporter-output>
            <line>
              <![CDATA[Reporter:2017-07-04 18:10:41===>This is pushClassTest log]]>
            </line>
          </reporter-output>
        </test-method> <!-- pushClassTest -->
        <test-method status="PASS" signature="tearDown()[pri:0, instance:iosTest.PushClassTest@1b68ddbd]" name="tearDown" is-config="true" duration-ms="526" started-at="2017-07-04T18:12:28Z" finished-at="2017-07-04T18:12:29Z">
          <reporter-output>
          </reporter-output>
        </test-method> <!-- tearDown -->
      </class> <!-- iosTest.PushClassTest -->
      <class name="iosTest.FinshPushClassTest">
        <test-method status="PASS" signature="setUp()[pri:0, instance:iosTest.FinshPushClassTest@59e5ddf]" name="setUp" is-config="true" duration-ms="27588" started-at="2017-07-04T18:13:50Z" finished-at="2017-07-04T18:14:17Z">
          <reporter-output>
          </reporter-output>
        </test-method> <!-- setUp -->
        <test-method status="PASS" signature="pushClassTest(java.lang.String, java.lang.String, java.lang.String)[pri:0, instance:iosTest.FinshPushClassTest@59e5ddf]" name="pushClassTest" duration-ms="142666" started-at="2017-07-04T18:14:17Z" description="登陆成功" data-provider="LoginSucess" finished-at="2017-07-04T18:16:40Z">
          <params>
            <param index="0">
              <value>
                <![CDATA[爱学派FF]]>
              </value>
            </param>
            <param index="1">
              <value>
                <![CDATA[1111]]>
              </value>
            </param>
            <param index="2">
              <value>
                <![CDATA[10.1]]>
              </value>
            </param>
          </params>
          <reporter-output>
            <line>
              <![CDATA[Reporter:2017-07-04 18:14:17===>This is finishPushClassTest log]]>
            </line>
          </reporter-output>
        </test-method> <!-- pushClassTest -->
        <test-method status="PASS" signature="tearDown()[pri:0, instance:iosTest.FinshPushClassTest@59e5ddf]" name="tearDown" is-config="true" duration-ms="530" started-at="2017-07-04T18:16:40Z" finished-at="2017-07-04T18:16:40Z">
          <reporter-output>
          </reporter-output>
        </test-method> <!-- tearDown -->
      </class> <!-- iosTest.FinshPushClassTest -->
    </test> <!-- Test -->
  </suite> <!-- TestForNewAppium -->
</testng-results>
